examples_list = \
dp_plan_dft \
dp_plan_dft_1d \
dp_plan_dft_2d \
dp_plan_dft_3d \
dp_plan_dft_c2r \
dp_plan_dft_c2r_1d \
dp_plan_dft_c2r_2d \
dp_plan_dft_c2r_3d \
dp_plan_dft_r2c \
dp_plan_dft_r2c_1d \
dp_plan_dft_r2c_2d \
dp_plan_dft_r2c_3d \
dp_plan_guru64_dft \
dp_plan_guru64_dft_c2r \
dp_plan_guru64_dft_r2c \
dp_plan_guru64_split_dft \
dp_plan_guru_dft \
dp_plan_guru_dft_c2r \
dp_plan_guru_dft_r2c \
dp_plan_guru_split_dft \
dp_plan_many_dft \
dp_plan_many_dft_c2r \
dp_plan_many_dft_r2c \
dp_plan_r2r_1d \
sp_plan_dft \
sp_plan_dft_1d \
sp_plan_dft_2d \
sp_plan_dft_3d \
sp_plan_dft_c2r \
sp_plan_dft_c2r_1d \
sp_plan_dft_c2r_2d \
sp_plan_dft_c2r_3d \
sp_plan_dft_r2c \
sp_plan_dft_r2c_1d \
sp_plan_dft_r2c_2d \
sp_plan_dft_r2c_3d \
sp_plan_guru64_dft \
sp_plan_guru64_dft_c2r \
sp_plan_guru64_dft_r2c \
sp_plan_guru64_split_dft \
sp_plan_guru_dft \
sp_plan_guru_dft_c2r \
sp_plan_guru_dft_r2c \
sp_plan_guru_split_dft \
sp_plan_many_dft \
sp_plan_many_dft_c2r \
sp_plan_many_dft_r2c \
sp_plan_r2r_1d \
